行 4: 属性 Picture 在 frmMain 中不能被设置。
行 72:属性 Picture 在 Image2 中的文件引用无效。
行 79:属性 Picture 在 Image1 中的文件引用无效。
行 115:属性 Picture 在 imgLB 中的文件引用无效。
行 151:属性 Picture 在 cmdLeft 中的文件引用无效。
行 206:属性 Picture 在 cmdLeft 中的文件引用无效。
行 234:属性 Picture 在 cmdLeft 中的文件引用无效。
行 262:属性 Picture 在 cmdLeft 中的文件引用无效。
行 290:属性 Picture 在 cmdLeft 中的文件引用无效。
行 318:属性 Picture 在 cmdLeft 中的文件引用无效。
行 346:属性 Picture 在 cmdLeft 中的文件引用无效。
行 400:属性 Picture 在 picTB 中的文件引用无效。
行 416:属性 Picture 在 tbLogin 中的文件引用无效。
行 444:属性 Picture 在 tbLeft 中的文件引用无效。
行 472:属性 Picture 在 tbLeft 中的文件引用无效。
行 500:属性 Picture 在 tbLeft 中的文件引用无效。
行 528:属性 Picture 在 tbLeft 中的文件引用无效。
行 556:属性 Picture 在 tbLeft 中的文件引用无效。
行 584:属性 Picture 在 tbLeft 中的文件引用无效。
行 611:属性 Picture 在 tbExit 中的文件引用无效。
行 638:属性 Picture 在 cmdAbout 中的文件引用无效。
行 666:属性 Picture 在 tbLeft 中的文件引用无效。
行 4: 属性 Picture 在 frmMain 中不能被设置。
行 72:属性 Picture 在 Image2 中的文件引用无效。
行 79:属性 Picture 在 Image1 中的文件引用无效。
行 115:属性 Picture 在 imgLB 中的文件引用无效。
行 151:属性 Picture 在 cmdLeft 中的文件引用无效。
行 206:属性 Picture 在 cmdLeft 中的文件引用无效。
行 234:属性 Picture 在 cmdLeft 中的文件引用无效。
行 262:属性 Picture 在 cmdLeft 中的文件引用无效。
行 290:属性 Picture 在 cmdLeft 中的文件引用无效。
行 318:属性 Picture 在 cmdLeft 中的文件引用无效。
行 346:属性 Picture 在 cmdLeft 中的文件引用无效。
行 400:属性 Picture 在 picTB 中的文件引用无效。
行 416:属性 Picture 在 tbLogin 中的文件引用无效。
行 444:属性 Picture 在 tbLeft 中的文件引用无效。
行 472:属性 Picture 在 tbLeft 中的文件引用无效。
行 500:属性 Picture 在 tbLeft 中的文件引用无效。
行 528:属性 Picture 在 tbLeft 中的文件引用无效。
行 556:属性 Picture 在 tbLeft 中的文件引用无效。
行 584:属性 Picture 在 tbLeft 中的文件引用无效。
行 611:属性 Picture 在 tbExit 中的文件引用无效。
行 638:属性 Picture 在 cmdAbout 中的文件引用无效。
行 666:属性 Picture 在 tbLeft 中的文件引用无效。
